<html>
<head>
<title>TestNG:  Default test</title>
<link href="../testng.css" rel="stylesheet" type="text/css" />
<link href="../my-testng.css" rel="stylesheet" type="text/css" />

<style type="text/css">
.log { display: none;} 
.stack-trace { display: none;} 
</style>
<script type="text/javascript">
<!--
function flip(e) {
  current = e.style.display;
  if (current == 'block') {
    e.style.display = 'none';
    return 0;
  }
  else {
    e.style.display = 'block';
    return 1;
  }
}

function toggleBox(szDivId, elem, msg1, msg2)
{
  var res = -1;  if (document.getElementById) {
    res = flip(document.getElementById(szDivId));
  }
  else if (document.all) {
    // this is the way old msie versions work
    res = flip(document.all[szDivId]);
  }
  if(elem) {
    if(res == 0) elem.innerHTML = msg1; else elem.innerHTML = msg2;
  }

}

function toggleAllBoxes() {
  if (document.getElementsByTagName) {
    d = document.getElementsByTagName('div');
    for (i = 0; i < d.length; i++) {
      if (d[i].className == 'log') {
        flip(d[i]);
      }
    }
  }
}

// -->
</script>

</head>
<body>
<h2 align='center'>Default test</h2><table border='1' align="center">
<tr>
<td>Tests passed/Failed/Skipped:</td><td>0/1/0</td>
</tr><tr>
<td>Started on:</td><td>Mon Jun 18 18:01:47 IST 2018</td>
</tr>
<tr><td>Total time:</td><td>52 seconds (52819 ms)</td>
</tr><tr>
<td>Included groups:</td><td></td>
</tr><tr>
<td>Excluded groups:</td><td></td>
</tr>
</table><p/>
<small><i>(Hover the method name to see the test class name)</i></small><p/>
<table width='100%' border='1' class='invocation-failed'>
<tr><td colspan='4' align='center'><b>FAILED CONFIGURATIONS</b></td></tr>
<tr><td><b>Test method</b></td>
<td width="30%"><b>Exception</b></td>
<td width="10%"><b>Time (seconds)</b></td>
<td><b>Instance</b></td>
</tr>
<tr>
<td title='lpackageone.impageupload.tearDown()'><b>tearDown</b><br>Test class: lpackageone.impageupload<br>Parameters: [TestResult name=testing1 status=FAILURE method=impageupload.testing1()[pri:0, instance:lpackageone.impageupload@62ee68d8] output={null}]</td>
<td><div><pre>java.lang.NullPointerException
	at org.openqa.selenium.support.events.EventFiringWebDriver.extractInterfaces(EventFiringWebDriver.java:118)
	at org.openqa.selenium.support.events.EventFiringWebDriver.&lt;init&gt;(EventFiringWebDriver.java:90)
	at com.commonLib.Screenshot.takeAScreenShot(Screenshot.java:15)
	at lpackageone.impageupload.tearDown(impageupload.java:54)
	at sun.reflect.NativeMethodAccessorImpl.invoke0(Native Method)
	at sun.reflect.NativeMethodAccessorImpl.invoke(Unknown Source)
	at sun.reflect.DelegatingMethodAccessorImpl.invoke(Unknown Source)
	at java.lang.reflect.Method.invoke(Unknown Source)
	at org.testng.internal.MethodInvocationHelper.invokeMethod(MethodInvocationHelper.java:108)
	at org.testng.internal.Invoker.invokeConfigurationMethod(Invoker.java:523)
	at org.testng.internal.Invoker.invokeConfigurations(Invoker.java:224)
	at org.testng.internal.Invoker.invokeMethod(Invoker.java:723)
	at org.testng.internal.Invoker.invokeTestMethod(Invoker.java:869)
	at org.testng.internal.Invoker.invokeTestMethods(Invoker.java:1193)
	at org.testng.internal.TestMethodWorker.invokeTestMethods(TestMethodWorker.java:126)
	at org.testng.internal.TestMethodWorker.run(TestMethodWorker.java:109)
	at org.testng.TestRunner.privateRun(TestRunner.java:744)
	at org.testng.TestRunner.run(TestRunner.java:602)
	at org.testng.SuiteRunner.runTest(SuiteRunner.java:380)
	at org.testng.SuiteRunner.runSequentially(SuiteRunner.java:375)
	at org.testng.SuiteRunner.privateRun(SuiteRunner.java:340)
	at org.testng.SuiteRunner.run(SuiteRunner.java:289)
	at org.testng.SuiteRunnerWorker.runSuite(SuiteRunnerWorker.java:52)
	at org.testng.SuiteRunnerWorker.run(SuiteRunnerWorker.java:86)
	at org.testng.TestNG.runSuitesSequentially(TestNG.java:1301)
	at org.testng.TestNG.runSuitesLocally(TestNG.java:1226)
	at org.testng.TestNG.runSuites(TestNG.java:1144)
	at org.testng.TestNG.run(TestNG.java:1115)
	at org.testng.remote.AbstractRemoteTestNG.run(AbstractRemoteTestNG.java:132)
	at org.testng.remote.RemoteTestNG.initAndRun(RemoteTestNG.java:230)
	at org.testng.remote.RemoteTestNG.main(RemoteTestNG.java:76)
</pre></div><a href='#' onClick='toggleBox("stack-trace530539368", this, "Click to show all stack frames", "Click to hide stack frames")'>Click to show all stack frames</a>
<div class='stack-trace' id='stack-trace530539368'><pre>java.lang.NullPointerException
	at org.openqa.selenium.support.events.EventFiringWebDriver.extractInterfaces(EventFiringWebDriver.java:118)
	at org.openqa.selenium.support.events.EventFiringWebDriver.&lt;init&gt;(EventFiringWebDriver.java:90)
	at com.commonLib.Screenshot.takeAScreenShot(Screenshot.java:15)
	at lpackageone.impageupload.tearDown(impageupload.java:54)
	at sun.reflect.NativeMethodAccessorImpl.invoke0(Native Method)
	at sun.reflect.NativeMethodAccessorImpl.invoke(Unknown Source)
	at sun.reflect.DelegatingMethodAccessorImpl.invoke(Unknown Source)
	at java.lang.reflect.Method.invoke(Unknown Source)
	at org.testng.internal.MethodInvocationHelper.invokeMethod(MethodInvocationHelper.java:108)
	at org.testng.internal.Invoker.invokeConfigurationMethod(Invoker.java:523)
	at org.testng.internal.Invoker.invokeConfigurations(Invoker.java:224)
	at org.testng.internal.Invoker.invokeMethod(Invoker.java:723)
	at org.testng.internal.Invoker.invokeTestMethod(Invoker.java:869)
	at org.testng.internal.Invoker.invokeTestMethods(Invoker.java:1193)
	at org.testng.internal.TestMethodWorker.invokeTestMethods(TestMethodWorker.java:126)
	at org.testng.internal.TestMethodWorker.run(TestMethodWorker.java:109)
	at org.testng.TestRunner.privateRun(TestRunner.java:744)
	at org.testng.TestRunner.run(TestRunner.java:602)
	at org.testng.SuiteRunner.runTest(SuiteRunner.java:380)
	at org.testng.SuiteRunner.runSequentially(SuiteRunner.java:375)
	at org.testng.SuiteRunner.privateRun(SuiteRunner.java:340)
	at org.testng.SuiteRunner.run(SuiteRunner.java:289)
	at org.testng.SuiteRunnerWorker.runSuite(SuiteRunnerWorker.java:52)
	at org.testng.SuiteRunnerWorker.run(SuiteRunnerWorker.java:86)
	at org.testng.TestNG.runSuitesSequentially(TestNG.java:1301)
	at org.testng.TestNG.runSuitesLocally(TestNG.java:1226)
	at org.testng.TestNG.runSuites(TestNG.java:1144)
	at org.testng.TestNG.run(TestNG.java:1115)
	at org.testng.remote.AbstractRemoteTestNG.run(AbstractRemoteTestNG.java:132)
	at org.testng.remote.RemoteTestNG.initAndRun(RemoteTestNG.java:230)
	at org.testng.remote.RemoteTestNG.main(RemoteTestNG.java:76)
</pre></div></td>
<td>0</td>
<td>lpackageone.impageupload@62ee68d8</td></tr>
</table><p>
<table width='100%' border='1' class='invocation-failed'>
<tr><td colspan='4' align='center'><b>FAILED TESTS</b></td></tr>
<tr><td><b>Test method</b></td>
<td width="30%"><b>Exception</b></td>
<td width="10%"><b>Time (seconds)</b></td>
<td><b>Instance</b></td>
</tr>
<tr>
<td title='lpackageone.impageupload.testing1()'><b>testing1</b><br>Test class: lpackageone.impageupload</td>
<td><div><pre>org.openqa.selenium.WebDriverException: Failed to connect to binary FirefoxBinary(C:\Program Files (x86)\Mozilla Firefox\firefox.exe) on port 7055; process output follows: 
,&quot;skinnable&quot;:true,&quot;size&quot;:8201,&quot;sourceURI&quot;:null,&quot;releaseNotesURI&quot;:null,&quot;softDisabled&quot;:false,&quot;foreignInstall&quot;:false,&quot;hasBinaryComponents&quot;:false,&quot;strictCompatibility&quot;:true,&quot;locales&quot;:[],&quot;targetApplications&quot;:[{&quot;id&quot;:&quot;{ec8030f7-c20a-464f-9b0e-13a3a9e97384}&quot;,&quot;minVersion&quot;:&quot;54.0&quot;,&quot;maxVersion&quot;:&quot;54.0&quot;}],&quot;targetPlatforms&quot;:[],&quot;seen&quot;:true,&quot;dependencies&quot;:[],&quot;hasEmbeddedWebExtension&quot;:false,&quot;userPermissions&quot;:null}
1529325120042	addons.xpi	DEBUG	getModTime: Recursive scan of {972ce4c6-7e08-4474-a285-3208198ce6fd}
1529325120043	DeferredSave.extensions.json	DEBUG	Save changes
1529325120043	addons.xpi	DEBUG	Updating database with changes to installed add-ons
1529325120043	addons.xpi-utils	DEBUG	Updating add-on states
1529325120044	addons.xpi-utils	DEBUG	Writing add-ons list
1529325120046	addons.xpi	DEBUG	Registering manifest for C:\Program Files (x86)\Mozilla Firefox\browser\features\aushelper@mozilla.org.xpi
1529325120047	addons.xpi	DEBUG	Calling bootstrap method startup on aushelper@mozilla.org version 2.0
1529325120074	addons.xpi	DEBUG	Registering manifest for C:\Program Files (x86)\Mozilla Firefox\browser\features\e10srollout@mozilla.org.xpi
1529325120074	addons.xpi	DEBUG	Calling bootstrap method startup on e10srollout@mozilla.org version 1.50
1529325120075	addons.xpi	DEBUG	Registering manifest for C:\Program Files (x86)\Mozilla Firefox\browser\features\firefox@getpocket.com.xpi
1529325120075	addons.xpi	DEBUG	Calling bootstrap method startup on firefox@getpocket.com version 1.0.5
1529325120076	addons.xpi	DEBUG	Registering manifest for C:\Program Files (x86)\Mozilla Firefox\browser\features\screenshots@mozilla.org.xpi
1529325120077	addons.xpi	DEBUG	Calling bootstrap method startup on screenshots@mozilla.org version 6.6.0
1529325120077	addons.xpi	DEBUG	Registering manifest for C:\Program Files (x86)\Mozilla Firefox\browser\features\webcompat@mozilla.org.xpi
1529325120077	addons.xpi	DEBUG	Calling bootstrap method startup on webcompat@mozilla.org version 1.1
1529325120081	addons.manager	DEBUG	Registering shutdown blocker for XPIProvider
1529325120082	addons.manager	DEBUG	Provider finished startup: XPIProvider
1529325120082	addons.manager	DEBUG	Starting provider: LightweightThemeManager
1529325120082	addons.manager	DEBUG	Registering shutdown blocker for LightweightThemeManager
1529325120082	addons.manager	DEBUG	Provider finished startup: LightweightThemeManager
1529325120082	addons.manager	DEBUG	Starting provider: GMPProvider
1529325120144	addons.manager	DEBUG	Registering shutdown blocker for GMPProvider
1529325120144	addons.manager	DEBUG	Provider finished startup: GMPProvider
1529325120144	addons.manager	DEBUG	Starting provider: PluginProvider
1529325120145	addons.manager	DEBUG	Registering shutdown blocker for PluginProvider
1529325120145	addons.manager	DEBUG	Provider finished startup: PluginProvider
1529325120146	addons.manager	DEBUG	Completed startup sequence
1529325134850	addons.manager	DEBUG	Starting provider: &lt;unnamed-provider&gt;
1529325134851	addons.manager	DEBUG	Registering shutdown blocker for &lt;unnamed-provider&gt;
1529325134851	addons.manager	DEBUG	Provider finished startup: &lt;unnamed-provider&gt;
1529325137517	DeferredSave.extensions.json	DEBUG	Write succeeded
1529325137517	addons.xpi-utils	DEBUG	XPI Database saved, setting schema version preference to 19
1529325137518	DeferredSave.extensions.json	DEBUG	Starting timer
1529325137540	DeferredSave.extensions.json	DEBUG	Starting write
1529325137588	addons.repository	DEBUG	No addons.json found.
1529325137589	DeferredSave.addons.json	DEBUG	Save changes
1529325137607	DeferredSave.addons.json	DEBUG	Starting timer
1529325138105	addons.manager	DEBUG	Starting provider: PreviousExperimentProvider
1529325138105	addons.manager	DEBUG	Registering shutdown blocker for PreviousExperimentProvider
1529325138105	addons.manager	DEBUG	Provider finished startup: PreviousExperimentProvider
1529325138113	DeferredSave.addons.json	DEBUG	Starting write
1529325138134	DeferredSave.extensions.json	DEBUG	Write succeeded
1529325139368	DeferredSave.addons.json	DEBUG	Write succeeded

Build info: version: &apos;2.48.2&apos;, revision: &apos;41bccdd&apos;, time: &apos;2015-10-09 19:59:12&apos;
System info: host: &apos;Happy-PC&apos;, ip: &apos;192.168.0.2&apos;, os.name: &apos;Windows 7&apos;, os.arch: &apos;amd64&apos;, os.version: &apos;6.1&apos;, java.version: &apos;1.8.0_144&apos;
Driver info: driver.version: FirefoxDriver
	at org.openqa.selenium.firefox.internal.NewProfileExtensionConnection.start(NewProfileExtensionConnection.java:134)
	at org.openqa.selenium.firefox.FirefoxDriver.startClient(FirefoxDriver.java:271)
	at org.openqa.selenium.remote.RemoteWebDriver.&lt;init&gt;(RemoteWebDriver.java:117)
	at org.openqa.selenium.firefox.FirefoxDriver.&lt;init&gt;(FirefoxDriver.java:218)
	at org.openqa.selenium.firefox.FirefoxDriver.&lt;init&gt;(FirefoxDriver.java:211)
	at org.openqa.selenium.firefox.FirefoxDriver.&lt;init&gt;(FirefoxDriver.java:207)
	at org.openqa.selenium.firefox.FirefoxDriver.&lt;init&gt;(FirefoxDriver.java:120)
	at lpackageone.impageupload.testing1(impageupload.java:24)
	at sun.reflect.NativeMethodAccessorImpl.invoke0(Native Method)
	at sun.reflect.NativeMethodAccessorImpl.invoke(Unknown Source)
	at sun.reflect.DelegatingMethodAccessorImpl.invoke(Unknown Source)
	at java.lang.reflect.Method.invoke(Unknown Source)
	at org.testng.internal.MethodInvocationHelper.invokeMethod(MethodInvocationHelper.java:108)
	at org.testng.internal.Invoker.invokeMethod(Invoker.java:661)
	at org.testng.internal.Invoker.invokeTestMethod(Invoker.java:869)
	at org.testng.internal.Invoker.invokeTestMethods(Invoker.java:1193)
	at org.testng.internal.TestMethodWorker.invokeTestMethods(TestMethodWorker.java:126)
	at org.testng.internal.TestMethodWorker.run(TestMethodWorker.java:109)
	at org.testng.TestRunner.privateRun(TestRunner.java:744)
	at org.testng.TestRunner.run(TestRunner.java:602)
	at org.testng.SuiteRunner.runTest(SuiteRunner.java:380)
	at org.testng.SuiteRunner.runSequentially(SuiteRunner.java:375)
	at org.testng.SuiteRunner.privateRun(SuiteRunner.java:340)
	at org.testng.SuiteRunner.run(SuiteRunner.java:289)
	at org.testng.SuiteRunnerWorker.runSuite(SuiteRunnerWorker.java:52)
	at org.testng.SuiteRunnerWorker.run(SuiteRunnerWorker.java:86)
	at org.testng.TestNG.runSuitesSequentially(TestNG.java:1301)
	at org.testng.TestNG.runSuitesLocally(TestNG.java:1226)
	at org.testng.TestNG.runSuites(TestNG.java:1144)
	at org.testng.TestNG.run(TestNG.java:1115)
	at org.testng.remote.AbstractRemoteTestNG.run(AbstractRemoteTestNG.java:132)
	at org.testng.remote.RemoteTestNG.initAndRun(RemoteTestNG.java:230)
	at org.testng.remote.RemoteTestNG.main(RemoteTestNG.java:76)
Caused by: org.openqa.selenium.firefox.NotConnectedException: Unable to connect to host 127.0.0.1 on port 7055 after 45000 ms. Firefox console output:
,&quot;skinnable&quot;:true,&quot;size&quot;:8201,&quot;sourceURI&quot;:null,&quot;releaseNotesURI&quot;:null,&quot;softDisabled&quot;:false,&quot;foreignInstall&quot;:false,&quot;hasBinaryComponents&quot;:false,&quot;strictCompatibility&quot;:true,&quot;locales&quot;:[],&quot;targetApplications&quot;:[{&quot;id&quot;:&quot;{ec8030f7-c20a-464f-9b0e-13a3a9e97384}&quot;,&quot;minVersion&quot;:&quot;54.0&quot;,&quot;maxVersion&quot;:&quot;54.0&quot;}],&quot;targetPlatforms&quot;:[],&quot;seen&quot;:true,&quot;dependencies&quot;:[],&quot;hasEmbeddedWebExtension&quot;:false,&quot;userPermissions&quot;:null}
1529325120042	addons.xpi	DEBUG	getModTime: Recursive scan of {972ce4c6-7e08-4474-a285-3208198ce6fd}
1529325120043	DeferredSave.extensions.json	DEBUG	Save changes
1529325120043	addons.xpi	DEBUG	Updating database with changes to installed add-ons
1529325120043	addons.xpi-utils	DEBUG	Updating add-on states
1529325120044	addons.xpi-utils	DEBUG	Writing add-ons list
1529325120046	addons.xpi	DEBUG	Registering manifest for C:\Program Files (x86)\Mozilla Firefox\browser\features\aushelper@mozilla.org.xpi
1529325120047	addons.xpi	DEBUG	Calling bootstrap method startup on aushelper@mozilla.org version 2.0
1529325120074	addons.xpi	DEBUG	Registering manifest for C:\Program Files (x86)\Mozilla Firefox\browser\features\e10srollout@mozilla.org.xpi
1529325120074	addons.xpi	DEBUG	Calling bootstrap method startup on e10srollout@mozilla.org version 1.50
1529325120075	addons.xpi	DEBUG	Registering manifest for C:\Program Files (x86)\Mozilla Firefox\browser\features\firefox@getpocket.com.xpi
1529325120075	addons.xpi	DEBUG	Calling bootstrap method startup on firefox@getpocket.com version 1.0.5
1529325120076	addons.xpi	DEBUG	Registering manifest for C:\Program Files (x86)\Mozilla Firefox\browser\features\screenshots@mozilla.org.xpi
1529325120077	addons.xpi	DEBUG	Calling bootstrap method startup on screenshots@mozilla.org version 6.6.0
1529325120077	addons.xpi	DEBUG	Registering manifest for C:\Program Files (x86)\Mozilla Firefox\browser\features\webcompat@mozilla.org.xpi
1529325120077	addons.xpi	DEBUG	Calling bootstrap method startup on webcompat@mozilla.org version 1.1
1529325120081	addons.manager	DEBUG	Registering shutdown blocker for XPIProvider
1529325120082	addons.manager	DEBUG	Provider finished startup: XPIProvider
1529325120082	addons.manager	DEBUG	Starting provider: LightweightThemeManager
1529325120082	addons.manager	DEBUG	Registering shutdown blocker for LightweightThemeManager
1529325120082	addons.manager	DEBUG	Provider finished startup: LightweightThemeManager
1529325120082	addons.manager	DEBUG	Starting provider: GMPProvider
1529325120144	addons.manager	DEBUG	Registering shutdown blocker for GMPProvider
1529325120144	addons.manager	DEBUG	Provider finished startup: GMPProvider
1529325120144	addons.manager	DEBUG	Starting provider: PluginProvider
1529325120145	addons.manager	DEBUG	Registering shutdown blocker for PluginProvider
1529325120145	addons.manager	DEBUG	Provider finished startup: PluginProvider
1529325120146	addons.manager	DEBUG	Completed startup sequence
1529325134850	addons.manager	DEBUG	Starting provider: &lt;unnamed-provider&gt;
1529325134851	addons.manager	DEBUG	Registering shutdown blocker for &lt;unnamed-provider&gt;
1529325134851	addons.manager	DEBUG	Provider finished startup: &lt;unnamed-provider&gt;
1529325137517	DeferredSave.extensions.json	DEBUG	Write succeeded
1529325137517	addons.xpi-utils	DEBUG	XPI Database saved, setting schema version preference to 19
1529325137518	DeferredSave.extensions.json	DEBUG	Starting timer
1529325137540	DeferredSave.extensions.json	DEBUG	Starting write
1529325137588	addons.repository	DEBUG	No addons.json found.
1529325137589	DeferredSave.addons.json	DEBUG	Save changes
1529325137607	DeferredSave.addons.json	DEBUG	Starting timer
1529325138105	addons.manager	DEBUG	Starting provider: PreviousExperimentProvider
1529325138105	addons.manager	DEBUG	Registering shutdown blocker for PreviousExperimentProvider
1529325138105	addons.manager	DEBUG	Provider finished startup: PreviousExperimentProvider
1529325138113	DeferredSave.addons.json	DEBUG	Starting write
1529325138134	DeferredSave.extensions.json	DEBUG	Write succeeded
1529325139368	DeferredSave.addons.json	DEBUG	Write succeeded

	at org.openqa.selenium.firefox.internal.NewProfileExtensionConnection.start(NewProfileExtensionConnection.java:122)
	... 32 more
</pre></div><a href='#' onClick='toggleBox("stack-trace2142565033", this, "Click to show all stack frames", "Click to hide stack frames")'>Click to show all stack frames</a>
<div class='stack-trace' id='stack-trace2142565033'><pre>org.openqa.selenium.WebDriverException: Failed to connect to binary FirefoxBinary(C:\Program Files (x86)\Mozilla Firefox\firefox.exe) on port 7055; process output follows: 
,&quot;skinnable&quot;:true,&quot;size&quot;:8201,&quot;sourceURI&quot;:null,&quot;releaseNotesURI&quot;:null,&quot;softDisabled&quot;:false,&quot;foreignInstall&quot;:false,&quot;hasBinaryComponents&quot;:false,&quot;strictCompatibility&quot;:true,&quot;locales&quot;:[],&quot;targetApplications&quot;:[{&quot;id&quot;:&quot;{ec8030f7-c20a-464f-9b0e-13a3a9e97384}&quot;,&quot;minVersion&quot;:&quot;54.0&quot;,&quot;maxVersion&quot;:&quot;54.0&quot;}],&quot;targetPlatforms&quot;:[],&quot;seen&quot;:true,&quot;dependencies&quot;:[],&quot;hasEmbeddedWebExtension&quot;:false,&quot;userPermissions&quot;:null}
1529325120042	addons.xpi	DEBUG	getModTime: Recursive scan of {972ce4c6-7e08-4474-a285-3208198ce6fd}
1529325120043	DeferredSave.extensions.json	DEBUG	Save changes
1529325120043	addons.xpi	DEBUG	Updating database with changes to installed add-ons
1529325120043	addons.xpi-utils	DEBUG	Updating add-on states
1529325120044	addons.xpi-utils	DEBUG	Writing add-ons list
1529325120046	addons.xpi	DEBUG	Registering manifest for C:\Program Files (x86)\Mozilla Firefox\browser\features\aushelper@mozilla.org.xpi
1529325120047	addons.xpi	DEBUG	Calling bootstrap method startup on aushelper@mozilla.org version 2.0
1529325120074	addons.xpi	DEBUG	Registering manifest for C:\Program Files (x86)\Mozilla Firefox\browser\features\e10srollout@mozilla.org.xpi
1529325120074	addons.xpi	DEBUG	Calling bootstrap method startup on e10srollout@mozilla.org version 1.50
1529325120075	addons.xpi	DEBUG	Registering manifest for C:\Program Files (x86)\Mozilla Firefox\browser\features\firefox@getpocket.com.xpi
1529325120075	addons.xpi	DEBUG	Calling bootstrap method startup on firefox@getpocket.com version 1.0.5
1529325120076	addons.xpi	DEBUG	Registering manifest for C:\Program Files (x86)\Mozilla Firefox\browser\features\screenshots@mozilla.org.xpi
1529325120077	addons.xpi	DEBUG	Calling bootstrap method startup on screenshots@mozilla.org version 6.6.0
1529325120077	addons.xpi	DEBUG	Registering manifest for C:\Program Files (x86)\Mozilla Firefox\browser\features\webcompat@mozilla.org.xpi
1529325120077	addons.xpi	DEBUG	Calling bootstrap method startup on webcompat@mozilla.org version 1.1
1529325120081	addons.manager	DEBUG	Registering shutdown blocker for XPIProvider
1529325120082	addons.manager	DEBUG	Provider finished startup: XPIProvider
1529325120082	addons.manager	DEBUG	Starting provider: LightweightThemeManager
1529325120082	addons.manager	DEBUG	Registering shutdown blocker for LightweightThemeManager
1529325120082	addons.manager	DEBUG	Provider finished startup: LightweightThemeManager
1529325120082	addons.manager	DEBUG	Starting provider: GMPProvider
1529325120144	addons.manager	DEBUG	Registering shutdown blocker for GMPProvider
1529325120144	addons.manager	DEBUG	Provider finished startup: GMPProvider
1529325120144	addons.manager	DEBUG	Starting provider: PluginProvider
1529325120145	addons.manager	DEBUG	Registering shutdown blocker for PluginProvider
1529325120145	addons.manager	DEBUG	Provider finished startup: PluginProvider
1529325120146	addons.manager	DEBUG	Completed startup sequence
1529325134850	addons.manager	DEBUG	Starting provider: &lt;unnamed-provider&gt;
1529325134851	addons.manager	DEBUG	Registering shutdown blocker for &lt;unnamed-provider&gt;
1529325134851	addons.manager	DEBUG	Provider finished startup: &lt;unnamed-provider&gt;
1529325137517	DeferredSave.extensions.json	DEBUG	Write succeeded
1529325137517	addons.xpi-utils	DEBUG	XPI Database saved, setting schema version preference to 19
1529325137518	DeferredSave.extensions.json	DEBUG	Starting timer
1529325137540	DeferredSave.extensions.json	DEBUG	Starting write
1529325137588	addons.repository	DEBUG	No addons.json found.
1529325137589	DeferredSave.addons.json	DEBUG	Save changes
1529325137607	DeferredSave.addons.json	DEBUG	Starting timer
1529325138105	addons.manager	DEBUG	Starting provider: PreviousExperimentProvider
1529325138105	addons.manager	DEBUG	Registering shutdown blocker for PreviousExperimentProvider
1529325138105	addons.manager	DEBUG	Provider finished startup: PreviousExperimentProvider
1529325138113	DeferredSave.addons.json	DEBUG	Starting write
1529325138134	DeferredSave.extensions.json	DEBUG	Write succeeded
1529325139368	DeferredSave.addons.json	DEBUG	Write succeeded

Build info: version: &apos;2.48.2&apos;, revision: &apos;41bccdd&apos;, time: &apos;2015-10-09 19:59:12&apos;
System info: host: &apos;Happy-PC&apos;, ip: &apos;192.168.0.2&apos;, os.name: &apos;Windows 7&apos;, os.arch: &apos;amd64&apos;, os.version: &apos;6.1&apos;, java.version: &apos;1.8.0_144&apos;
Driver info: driver.version: FirefoxDriver
	at org.openqa.selenium.firefox.internal.NewProfileExtensionConnection.start(NewProfileExtensionConnection.java:134)
	at org.openqa.selenium.firefox.FirefoxDriver.startClient(FirefoxDriver.java:271)
	at org.openqa.selenium.remote.RemoteWebDriver.&lt;init&gt;(RemoteWebDriver.java:117)
	at org.openqa.selenium.firefox.FirefoxDriver.&lt;init&gt;(FirefoxDriver.java:218)
	at org.openqa.selenium.firefox.FirefoxDriver.&lt;init&gt;(FirefoxDriver.java:211)
	at org.openqa.selenium.firefox.FirefoxDriver.&lt;init&gt;(FirefoxDriver.java:207)
	at org.openqa.selenium.firefox.FirefoxDriver.&lt;init&gt;(FirefoxDriver.java:120)
	at lpackageone.impageupload.testing1(impageupload.java:24)
	at sun.reflect.NativeMethodAccessorImpl.invoke0(Native Method)
	at sun.reflect.NativeMethodAccessorImpl.invoke(Unknown Source)
	at sun.reflect.DelegatingMethodAccessorImpl.invoke(Unknown Source)
	at java.lang.reflect.Method.invoke(Unknown Source)
	at org.testng.internal.MethodInvocationHelper.invokeMethod(MethodInvocationHelper.java:108)
	at org.testng.internal.Invoker.invokeMethod(Invoker.java:661)
	at org.testng.internal.Invoker.invokeTestMethod(Invoker.java:869)
	at org.testng.internal.Invoker.invokeTestMethods(Invoker.java:1193)
	at org.testng.internal.TestMethodWorker.invokeTestMethods(TestMethodWorker.java:126)
	at org.testng.internal.TestMethodWorker.run(TestMethodWorker.java:109)
	at org.testng.TestRunner.privateRun(TestRunner.java:744)
	at org.testng.TestRunner.run(TestRunner.java:602)
	at org.testng.SuiteRunner.runTest(SuiteRunner.java:380)
	at org.testng.SuiteRunner.runSequentially(SuiteRunner.java:375)
	at org.testng.SuiteRunner.privateRun(SuiteRunner.java:340)
	at org.testng.SuiteRunner.run(SuiteRunner.java:289)
	at org.testng.SuiteRunnerWorker.runSuite(SuiteRunnerWorker.java:52)
	at org.testng.SuiteRunnerWorker.run(SuiteRunnerWorker.java:86)
	at org.testng.TestNG.runSuitesSequentially(TestNG.java:1301)
	at org.testng.TestNG.runSuitesLocally(TestNG.java:1226)
	at org.testng.TestNG.runSuites(TestNG.java:1144)
	at org.testng.TestNG.run(TestNG.java:1115)
	at org.testng.remote.AbstractRemoteTestNG.run(AbstractRemoteTestNG.java:132)
	at org.testng.remote.RemoteTestNG.initAndRun(RemoteTestNG.java:230)
	at org.testng.remote.RemoteTestNG.main(RemoteTestNG.java:76)
Caused by: org.openqa.selenium.firefox.NotConnectedException: Unable to connect to host 127.0.0.1 on port 7055 after 45000 ms. Firefox console output:
,&quot;skinnable&quot;:true,&quot;size&quot;:8201,&quot;sourceURI&quot;:null,&quot;releaseNotesURI&quot;:null,&quot;softDisabled&quot;:false,&quot;foreignInstall&quot;:false,&quot;hasBinaryComponents&quot;:false,&quot;strictCompatibility&quot;:true,&quot;locales&quot;:[],&quot;targetApplications&quot;:[{&quot;id&quot;:&quot;{ec8030f7-c20a-464f-9b0e-13a3a9e97384}&quot;,&quot;minVersion&quot;:&quot;54.0&quot;,&quot;maxVersion&quot;:&quot;54.0&quot;}],&quot;targetPlatforms&quot;:[],&quot;seen&quot;:true,&quot;dependencies&quot;:[],&quot;hasEmbeddedWebExtension&quot;:false,&quot;userPermissions&quot;:null}
1529325120042	addons.xpi	DEBUG	getModTime: Recursive scan of {972ce4c6-7e08-4474-a285-3208198ce6fd}
1529325120043	DeferredSave.extensions.json	DEBUG	Save changes
1529325120043	addons.xpi	DEBUG	Updating database with changes to installed add-ons
1529325120043	addons.xpi-utils	DEBUG	Updating add-on states
1529325120044	addons.xpi-utils	DEBUG	Writing add-ons list
1529325120046	addons.xpi	DEBUG	Registering manifest for C:\Program Files (x86)\Mozilla Firefox\browser\features\aushelper@mozilla.org.xpi
1529325120047	addons.xpi	DEBUG	Calling bootstrap method startup on aushelper@mozilla.org version 2.0
1529325120074	addons.xpi	DEBUG	Registering manifest for C:\Program Files (x86)\Mozilla Firefox\browser\features\e10srollout@mozilla.org.xpi
1529325120074	addons.xpi	DEBUG	Calling bootstrap method startup on e10srollout@mozilla.org version 1.50
1529325120075	addons.xpi	DEBUG	Registering manifest for C:\Program Files (x86)\Mozilla Firefox\browser\features\firefox@getpocket.com.xpi
1529325120075	addons.xpi	DEBUG	Calling bootstrap method startup on firefox@getpocket.com version 1.0.5
1529325120076	addons.xpi	DEBUG	Registering manifest for C:\Program Files (x86)\Mozilla Firefox\browser\features\screenshots@mozilla.org.xpi
1529325120077	addons.xpi	DEBUG	Calling bootstrap method startup on screenshots@mozilla.org version 6.6.0
1529325120077	addons.xpi	DEBUG	Registering manifest for C:\Program Files (x86)\Mozilla Firefox\browser\features\webcompat@mozilla.org.xpi
1529325120077	addons.xpi	DEBUG	Calling bootstrap method startup on webcompat@mozilla.org version 1.1
1529325120081	addons.manager	DEBUG	Registering shutdown blocker for XPIProvider
1529325120082	addons.manager	DEBUG	Provider finished startup: XPIProvider
1529325120082	addons.manager	DEBUG	Starting provider: LightweightThemeManager
1529325120082	addons.manager	DEBUG	Registering shutdown blocker for LightweightThemeManager
1529325120082	addons.manager	DEBUG	Provider finished startup: LightweightThemeManager
1529325120082	addons.manager	DEBUG	Starting provider: GMPProvider
1529325120144	addons.manager	DEBUG	Registering shutdown blocker for GMPProvider
1529325120144	addons.manager	DEBUG	Provider finished startup: GMPProvider
1529325120144	addons.manager	DEBUG	Starting provider: PluginProvider
1529325120145	addons.manager	DEBUG	Registering shutdown blocker for PluginProvider
1529325120145	addons.manager	DEBUG	Provider finished startup: PluginProvider
1529325120146	addons.manager	DEBUG	Completed startup sequence
1529325134850	addons.manager	DEBUG	Starting provider: &lt;unnamed-provider&gt;
1529325134851	addons.manager	DEBUG	Registering shutdown blocker for &lt;unnamed-provider&gt;
1529325134851	addons.manager	DEBUG	Provider finished startup: &lt;unnamed-provider&gt;
1529325137517	DeferredSave.extensions.json	DEBUG	Write succeeded
1529325137517	addons.xpi-utils	DEBUG	XPI Database saved, setting schema version preference to 19
1529325137518	DeferredSave.extensions.json	DEBUG	Starting timer
1529325137540	DeferredSave.extensions.json	DEBUG	Starting write
1529325137588	addons.repository	DEBUG	No addons.json found.
1529325137589	DeferredSave.addons.json	DEBUG	Save changes
1529325137607	DeferredSave.addons.json	DEBUG	Starting timer
1529325138105	addons.manager	DEBUG	Starting provider: PreviousExperimentProvider
1529325138105	addons.manager	DEBUG	Registering shutdown blocker for PreviousExperimentProvider
1529325138105	addons.manager	DEBUG	Provider finished startup: PreviousExperimentProvider
1529325138113	DeferredSave.addons.json	DEBUG	Starting write
1529325138134	DeferredSave.extensions.json	DEBUG	Write succeeded
1529325139368	DeferredSave.addons.json	DEBUG	Write succeeded

	at org.openqa.selenium.firefox.internal.NewProfileExtensionConnection.start(NewProfileExtensionConnection.java:122)
	... 32 more
</pre></div></td>
<td>52</td>
<td>lpackageone.impageupload@62ee68d8</td></tr>
</table><p>
</body>
</html>